<?xml version="1.0" encoding="UTF-8"?>
<!-- Generated by org.testng.reporters.JUnitXMLReporter -->
<testsuite hostname="Jalarambapa" ignored="5" name="Smoke Test" tests="2" failures="0" timestamp="2022-12-13T22:01:44 GMT" time="35.945" errors="0">
  <testcase name="TheProductAddedSuccessfullyAndPlaceOrderSuccessfully" time="21.522" classname="com.nopcommece.testsuite.ElectronicsPageTest"/>
  <testcase name="verifyErrorMessageWithInvalidCredentials" time="2.218" classname="com.nopcommece.testsuite.LoginPageTest"/>
  <testcase name="verifyProductArrangeInAlphaBaticalOrder" time="0.0" classname="com.nopcommece.testsuite.ComputerPageTest">
    <ignored/>
  </testcase> <!-- verifyProductArrangeInAlphaBaticalOrder -->
  <testcase name="verifyUserShouldNavigateToCellPhonesPageSuccessfully" time="0.0" classname="com.nopcommece.testsuite.ElectronicsPageTest">
    <ignored/>
  </testcase> <!-- verifyUserShouldNavigateToCellPhonesPageSuccessfully -->
  <testcase name="verifyProductAddedToShoppingCartSuccessFully" time="0.0" classname="com.nopcommece.testsuite.ShoppingCartPageTest">
    <ignored/>
  </testcase> <!-- verifyProductAddedToShoppingCartSuccessFully -->
  <testcase name="verifyPageNavigation" time="0.0" classname="com.nopcommece.testsuite.HomePageTest">
    <ignored/>
  </testcase> <!-- verifyPageNavigation -->
  <testcase name="verifyUserShouldNavigateToLoginPage" time="0.0" classname="com.nopcommece.testsuite.LoginPageTest">
    <ignored/>
  </testcase> <!-- verifyUserShouldNavigateToLoginPage -->
</testsuite> <!-- Smoke Test -->
