<?xml version="1.0" encoding="UTF-8"?>
<!-- Generated by org.testng.reporters.JUnitXMLReporter -->
<testsuite hostname="Jalarambapa" ignored="2" name="Sanity Test" tests="5" failures="0" timestamp="2022-12-13T22:07:14 GMT" time="53.999" errors="0">
  <testcase name="verifyProductArrangeInAlphaBaticalOrder" time="1.856" classname="com.nopcommece.testsuite.ComputerPageTest"/>
  <testcase name="verifyUserShouldNavigateToCellPhonesPageSuccessfully" time="2.972" classname="com.nopcommece.testsuite.ElectronicsPageTest"/>
  <testcase name="verifyPageNavigation" time="1.16" classname="com.nopcommece.testsuite.HomePageTest"/>
  <testcase name="verifyProductAddedToShoppingCartSuccessFully" time="20.57" classname="com.nopcommece.testsuite.ShoppingCartPageTest"/>
  <testcase name="verifyUserShouldNavigateToLoginPage" time="0.698" classname="com.nopcommece.testsuite.LoginPageTest"/>
  <testcase name="TheProductAddedSuccessfullyAndPlaceOrderSuccessfully" time="0.0" classname="com.nopcommece.testsuite.ElectronicsPageTest">
    <ignored/>
  </testcase> <!-- TheProductAddedSuccessfullyAndPlaceOrderSuccessfully -->
  <testcase name="verifyErrorMessageWithInvalidCredentials" time="0.0" classname="com.nopcommece.testsuite.LoginPageTest">
    <ignored/>
  </testcase> <!-- verifyErrorMessageWithInvalidCredentials -->
</testsuite> <!-- Sanity Test -->
